[01m[K/home/chris/catkin_ws/src/CrazyS/rotors_gazebo/src/nodes/hovering_eight.cpp:[m[K In function ‘[01m[Kint main(int, char**)[m[K’:
[01m[K/home/chris/catkin_ws/src/CrazyS/rotors_gazebo/src/nodes/hovering_eight.cpp:69:23:[m[K [01;31m[Kerror: [m[K‘[01m[KodometryCallback[m[K’ was not declared in this scope
   69 |       "odometry", 10, [01;31m[KodometryCallback[m[K);
      |                       [01;31m[K^~~~~~~~~~~~~~~~[m[K
In file included from [01m[K/opt/ros/noetic/include/ros/ros.h:40[m[K,
                 from [01m[K/home/chris/catkin_ws/src/mav_comm/mav_msgs/include/mav_msgs/conversions.h:35[m[K,
                 from [01m[K/home/chris/catkin_ws/src/CrazyS/rotors_gazebo/src/nodes/hovering_eight.cpp:5[m[K:
[01m[K/home/chris/catkin_ws/src/CrazyS/rotors_gazebo/src/nodes/hovering_eight.cpp:93:12:[m[K [01;31m[Kerror: [m[K‘[01m[Kcurrent_position[m[K’ was not declared in this scope
   93 |            [01;31m[Kcurrent_position[m[K.x(), current_position.y(), current_position.z());
      |            [01;31m[K^~~~~~~~~~~~~~~~[m[K
[01m[K/opt/ros/noetic/include/ros/console.h:351:165:[m[K [01;36m[Knote: [m[Kin definition of macro ‘[01m[KROSCONSOLE_PRINT_AT_LOCATION_WITH_FILTER[m[K’
  351 |     ::ros::console::print(filter, __rosconsole_define_location__loc.logger_, __rosconsole_define_location__loc.level_, __FILE__, __LINE__, __ROSCONSOLE_FUNCTION__, [01;36m[K__VA_ARGS__[m[K)
      |                                                                                                                                                                     [01;36m[K^~~~~~~~~~~[m[K
[01m[K/opt/ros/noetic/include/ros/console.h:390:7:[m[K [01;36m[Knote: [m[Kin expansion of macro ‘[01m[KROSCONSOLE_PRINT_AT_LOCATION[m[K’
  390 |       [01;36m[KROSCONSOLE_PRINT_AT_LOCATION[m[K(__VA_ARGS__); \
      |       [01;36m[K^~~~~~~~~~~~~~~~~~~~~~~~~~~~[m[K
[01m[K/opt/ros/noetic/include/ros/console.h:575:35:[m[K [01;36m[Knote: [m[Kin expansion of macro ‘[01m[KROS_LOG_COND[m[K’
  575 | #define ROS_LOG(level, name, ...) [01;36m[KROS_LOG_COND[m[K(true, level, name, __VA_ARGS__)
      |                                   [01;36m[K^~~~~~~~~~~~[m[K
[01m[K/opt/ros/noetic/include/rosconsole/macros_generated.h:110:23:[m[K [01;36m[Knote: [m[Kin expansion of macro ‘[01m[KROS_LOG[m[K’
  110 | #define ROS_INFO(...) [01;36m[KROS_LOG[m[K(::ros::console::levels::Info, ROSCONSOLE_DEFAULT_NAME, __VA_ARGS__)
      |                       [01;36m[K^~~~~~~[m[K
[01m[K/home/chris/catkin_ws/src/CrazyS/rotors_gazebo/src/nodes/hovering_eight.cpp:92:3:[m[K [01;36m[Knote: [m[Kin expansion of macro ‘[01m[KROS_INFO[m[K’
   92 |   [01;36m[KROS_INFO[m[K("Odometry position received: [x: %f, y: %f, z: %f]",
      |   [01;36m[K^~~~~~~~[m[K
make[2]: *** [CMakeFiles/hovering_eight.dir/build.make:63: CMakeFiles/hovering_eight.dir/src/nodes/hovering_eight.cpp.o] Error 1
make[1]: *** [CMakeFiles/Makefile2:804: CMakeFiles/hovering_eight.dir/all] Error 2
make: *** [Makefile:130: all] Error 2
