[  0%] Built target roscpp_generate_messages_py
[  0%] Built target mav_msgs_generate_messages_nodejs
[  0%] Built target std_srvs_generate_messages_cpp
[  0%] Built target gazebo_msgs_generate_messages_py
[  0%] Built target roscpp_generate_messages_cpp
[  0%] Built target std_msgs_generate_messages_cpp
[  0%] Built target mav_msgs_generate_messages_lisp
[  0%] Built target sensor_msgs_generate_messages_nodejs
[  0%] Built target sensor_msgs_generate_messages_eus
[  0%] Built target sensor_msgs_generate_messages_lisp
[  0%] Built target sensor_msgs_generate_messages_py
[  0%] Built target geometry_msgs_generate_messages_py
[  0%] Built target std_msgs_generate_messages_nodejs
[  0%] Built target geometry_msgs_generate_messages_eus
[  0%] Built target trajectory_msgs_generate_messages_lisp
[  0%] Built target nav_msgs_generate_messages_py
[  0%] Built target geometry_msgs_generate_messages_cpp
[  0%] Built target gazebo_msgs_generate_messages_nodejs
[  0%] Built target trajectory_msgs_generate_messages_nodejs
[  0%] Built target gazebo_msgs_generate_messages_cpp
[  0%] Built target rosgraph_msgs_generate_messages_py
[  0%] Built target std_msgs_generate_messages_py
[  0%] Built target sensor_msgs_generate_messages_cpp
[  0%] Built target nav_msgs_generate_messages_nodejs
[  0%] Built target actionlib_msgs_generate_messages_eus
[  0%] Built target rosgraph_msgs_generate_messages_lisp
[  0%] Built target geometry_msgs_generate_messages_lisp
[  0%] Built target trajectory_msgs_generate_messages_cpp
[  0%] Built target gazebo_msgs_generate_messages_lisp
[  0%] Built target nav_msgs_generate_messages_cpp
[  0%] Built target std_msgs_generate_messages_lisp
[  0%] Built target std_srvs_generate_messages_lisp
[  0%] Built target std_srvs_generate_messages_nodejs
[  0%] Built target std_srvs_generate_messages_eus
[  0%] Built target rosgraph_msgs_generate_messages_eus
[  0%] Built target rosgraph_msgs_generate_messages_cpp
[  0%] Built target std_srvs_generate_messages_py
[  0%] Built target trajectory_msgs_generate_messages_py
[  0%] Built target mav_msgs_generate_messages_eus
[  0%] Built target gazebo_msgs_generate_messages_eus
[  0%] Built target geometry_msgs_generate_messages_nodejs
[  0%] Built target mav_msgs_generate_messages_cpp
[  0%] Built target mav_msgs_generate_messages_py
[  0%] Built target actionlib_msgs_generate_messages_nodejs
[  0%] Built target nav_msgs_generate_messages_eus
[  0%] Built target std_msgs_generate_messages_eus
[  0%] Built target actionlib_msgs_generate_messages_lisp
[  0%] Built target actionlib_msgs_generate_messages_cpp
[  0%] Built target nav_msgs_generate_messages_lisp
[  0%] Built target actionlib_msgs_generate_messages_py
[  0%] Built target roscpp_generate_messages_eus
[  0%] Built target roscpp_generate_messages_lisp
[  0%] Built target rosgraph_msgs_generate_messages_nodejs
[  0%] Built target roscpp_generate_messages_nodejs
[  0%] Built target trajectory_msgs_generate_messages_eus
[  4%] [34m[1mGenerating /home/chris/catkin_ws/src/CrazyS/rotors_gazebo/models/iris/iris.sdf[0m
[ 13%] Built target spline_trajectory_generator
[ 17%] [32m[1mLinking CXX executable /home/chris/catkin_ws/devel/.private/rotors_gazebo/lib/rotors_gazebo/waypoint_publisher[0m
[ 21%] [32m[1mLinking CXX executable /home/chris/catkin_ws/devel/.private/rotors_gazebo/lib/rotors_gazebo/quaternion_to_rpy[0m
[ 26%] [32m[1mLinking CXX executable /home/chris/catkin_ws/devel/.private/rotors_gazebo/lib/rotors_gazebo/lqr_feedforward_waypoint[0m
[ 30%] [32m[1mLinking CXX executable /home/chris/catkin_ws/devel/.private/rotors_gazebo/lib/rotors_gazebo/hovering_example[0m
[ 34%] [32m[1mLinking CXX executable /home/chris/catkin_ws/devel/.private/rotors_gazebo/lib/rotors_gazebo/hovering_eight[0m

[ 39%] Built target waypoint_publisher
[ 43%] Built target quaternion_to_rpy
[ 47%] Built target lqr_feedforward_waypoint
[ 52%] Built target hovering_example
[ 56%] Built target hovering_eight
[ 60%] [32m[1mLinking CXX executable /home/chris/catkin_ws/devel/.private/rotors_gazebo/lib/rotors_gazebo/hovering_eight_odometry[0m
[ 65%] [32m[1mLinking CXX executable /home/chris/catkin_ws/devel/.private/rotors_gazebo/lib/rotors_gazebo/hovering_example_spline_swarm[0m
[ 69%] [32m[1mLinking CXX executable /home/chris/catkin_ws/devel/.private/rotors_gazebo/lib/rotors_gazebo/hovering_eight_v2[0m
[ 73%] [32m[1mLinking CXX executable /home/chris/catkin_ws/devel/.private/rotors_gazebo/lib/rotors_gazebo/waypoint_publisher_file[0m
[ 78%] [32m[1mLinking CXX executable /home/chris/catkin_ws/devel/.private/rotors_gazebo/lib/rotors_gazebo/hovering_example_spline[0m
[ 82%] Built target hovering_eight_odometry
[ 86%] Built target hovering_eight_v2
[ 91%] Built target hovering_example_spline_swarm
[ 95%] Built target waypoint_publisher_file
[100%] Built target hovering_example_spline
[100%] Built target sdf
