[  0%] Built target sensor_msgs_generate_messages_nodejs
[  0%] Built target trajectory_msgs_generate_messages_lisp
[  0%] Built target trajectory_msgs_generate_messages_nodejs
[  0%] Built target mav_msgs_generate_messages_py
[  0%] Built target nav_msgs_generate_messages_eus
[  0%] Built target roscpp_generate_messages_cpp
[  0%] Built target mav_msgs_generate_messages_nodejs
[  0%] Built target mav_msgs_generate_messages_lisp
[  0%] Built target nav_msgs_generate_messages_lisp
[  0%] Built target std_msgs_generate_messages_cpp
[  0%] Built target rosgraph_msgs_generate_messages_eus
[  0%] Built target nav_msgs_generate_messages_cpp
[  0%] Built target geometry_msgs_generate_messages_py
[  0%] Built target nav_msgs_generate_messages_py
[  0%] Built target sensor_msgs_generate_messages_py
[  0%] Built target actionlib_msgs_generate_messages_eus
[  0%] Built target rosgraph_msgs_generate_messages_py
[  0%] Built target rosgraph_msgs_generate_messages_lisp
[  0%] Built target geometry_msgs_generate_messages_eus
[  0%] Built target std_msgs_generate_messages_nodejs
[  0%] Built target geometry_msgs_generate_messages_cpp
[  0%] Built target trajectory_msgs_generate_messages_cpp
[  0%] Built target geometry_msgs_generate_messages_lisp
[  0%] Built target actionlib_msgs_generate_messages_lisp
[  0%] Built target actionlib_msgs_generate_messages_nodejs
[  0%] Built target std_msgs_generate_messages_py
[  0%] Built target std_msgs_generate_messages_eus
[  0%] Built target actionlib_msgs_generate_messages_cpp
[  0%] Built target std_msgs_generate_messages_lisp
[  0%] Built target mav_msgs_generate_messages_eus
[  0%] Built target geometry_msgs_generate_messages_nodejs
[  0%] Built target mav_msgs_generate_messages_cpp
[  0%] Built target actionlib_msgs_generate_messages_py
[  0%] Built target roscpp_generate_messages_eus
[  0%] Built target roscpp_generate_messages_lisp
[  0%] Built target rosgraph_msgs_generate_messages_nodejs
[  0%] Built target roscpp_generate_messages_nodejs
[  0%] Built target trajectory_msgs_generate_messages_eus
[  0%] Built target roscpp_generate_messages_py
[  0%] Built target trajectory_msgs_generate_messages_py
[  0%] Built target rosgraph_msgs_generate_messages_cpp
[  0%] Built target nav_msgs_generate_messages_nodejs
[  0%] Built target sensor_msgs_generate_messages_cpp
[  0%] Built target sensor_msgs_generate_messages_eus
[  0%] Built target sensor_msgs_generate_messages_lisp
[  7%] Built target position_controller_v2
[ 15%] Built target attitude_controller_v2
[ 23%] Built target sensfusion6
[ 30%] Built target lqr_feedforward_controller
[ 38%] Built target attitude_controller
[ 46%] Built target position_controller
[ 53%] Built target crazyflie_onboard_controller
[ 57%] [32m[1mLinking CXX executable /home/chris/catkin_ws/devel/.private/rotors_control/lib/rotors_control/attitude_controller_node[0m
[ 65%] Built target crazyflie_complementary_filter
[ 69%] [32m[1mLinking CXX executable /home/chris/catkin_ws/devel/.private/rotors_control/lib/rotors_control/attitude_controller_node_v2[0m
[ 73%] [32m[1mLinking CXX executable /home/chris/catkin_ws/devel/.private/rotors_control/lib/rotors_control/lqr_feedforward_controller_node[0m
[ 76%] [32m[1mLinking CXX executable /home/chris/catkin_ws/devel/.private/rotors_control/lib/rotors_control/position_controller_node[0m
[ 80%] [32m[1mLinking CXX executable /home/chris/catkin_ws/devel/.private/rotors_control/lib/rotors_control/position_controller_node_v2[0m
[ 84%] Built target attitude_controller_node
[ 88%] Built target lqr_feedforward_controller_node
[ 92%] Built target attitude_controller_node_v2
[ 96%] Built target position_controller_node_v2
[100%] Built target position_controller_node
