[  0%] Built target sensor_msgs_generate_messages_nodejs
[  0%] Built target trajectory_msgs_generate_messages_lisp
[  0%] Built target trajectory_msgs_generate_messages_nodejs
[  0%] Built target mav_msgs_generate_messages_py
[  0%] Built target nav_msgs_generate_messages_eus
[  0%] Built target mav_msgs_generate_messages_nodejs
[  0%] Built target roscpp_generate_messages_cpp
[  0%] Built target std_msgs_generate_messages_cpp
[  0%] Built target mav_msgs_generate_messages_lisp
[  0%] Built target nav_msgs_generate_messages_lisp
[  0%] Built target nav_msgs_generate_messages_cpp
[  0%] Built target rosgraph_msgs_generate_messages_eus
[  0%] Built target geometry_msgs_generate_messages_py
[  0%] Built target nav_msgs_generate_messages_py
[  0%] Built target sensor_msgs_generate_messages_py
[  0%] Built target actionlib_msgs_generate_messages_eus
[  0%] Built target rosgraph_msgs_generate_messages_py
[  0%] Built target rosgraph_msgs_generate_messages_lisp
[  0%] Built target geometry_msgs_generate_messages_eus
[  0%] Built target geometry_msgs_generate_messages_cpp
[  0%] Built target std_msgs_generate_messages_nodejs
[  0%] Built target trajectory_msgs_generate_messages_cpp
[  0%] Built target actionlib_msgs_generate_messages_lisp
[  0%] Built target actionlib_msgs_generate_messages_nodejs
[  0%] Built target geometry_msgs_generate_messages_lisp
[  0%] Built target std_msgs_generate_messages_eus
[  0%] Built target std_msgs_generate_messages_py
[  0%] Built target actionlib_msgs_generate_messages_cpp
[  0%] Built target std_msgs_generate_messages_lisp
[  0%] Built target geometry_msgs_generate_messages_nodejs
[  0%] Built target mav_msgs_generate_messages_eus
[  0%] Built target mav_msgs_generate_messages_cpp
[  0%] Built target rosgraph_msgs_generate_messages_nodejs
[  0%] Built target actionlib_msgs_generate_messages_py
[  0%] Built target roscpp_generate_messages_eus
[  0%] Built target roscpp_generate_messages_lisp
[  0%] Built target roscpp_generate_messages_nodejs
[  0%] Built target trajectory_msgs_generate_messages_eus
[  0%] Built target roscpp_generate_messages_py
[  0%] Built target trajectory_msgs_generate_messages_py
[  0%] Built target rosgraph_msgs_generate_messages_cpp
[  0%] Built target nav_msgs_generate_messages_nodejs
[  0%] Built target sensor_msgs_generate_messages_cpp
[  0%] Built target sensor_msgs_generate_messages_eus
[  0%] Built target sensor_msgs_generate_messages_lisp
[  7%] Built target attitude_controller_v2
[ 15%] Built target position_controller_v2
[ 23%] Built target sensfusion6
[35m[1mScanning dependencies of target lqr_feedforward_controller[0m
[ 30%] Built target attitude_controller
[ 38%] Built target position_controller
[ 42%] [32mBuilding CXX object CMakeFiles/lqr_feedforward_controller.dir/src/library/lqr_feedforward_controller.cpp.o[0m
[ 50%] Built target attitude_controller_node
[ 57%] Built target crazyflie_complementary_filter
[ 65%] Built target crazyflie_onboard_controller
[ 80%] Built target attitude_controller_node_v2
[ 80%] Built target position_controller_node_v2
[ 88%] Built target position_controller_node
[01m[K/home/chris/catkin_ws/src/CrazyS/rotors_control/src/library/lqr_feedforward_controller.cpp:162:6:[m[K [01;31m[Kerror: [m[Kno declaration matches ‘[01m[Kvoid rotors_control::LQRFeedforwardController::AttitudeControllerFunction(double*, double*, double, double)[m[K’
  162 | void [01;31m[KLQRFeedforwardController[m[K::AttitudeControllerFunction(double* p_command, double* q_command, double theta_command, double phi_command) {
      |      [01;31m[K^~~~~~~~~~~~~~~~~~~~~~~~[m[K
[01m[K/home/chris/catkin_ws/src/CrazyS/rotors_control/src/library/lqr_feedforward_controller.cpp:162:6:[m[K [01;36m[Knote: [m[Kno functions named ‘[01m[Kvoid rotors_control::LQRFeedforwardController::AttitudeControllerFunction(double*, double*, double, double)[m[K’
In file included from [01m[K/home/chris/catkin_ws/src/CrazyS/rotors_control/src/library/lqr_feedforward_controller.cpp:1[m[K:
[01m[K/home/chris/catkin_ws/src/CrazyS/rotors_control/include/rotors_control/lqr_feedforward_controller.h:40:7:[m[K [01;36m[Knote: [m[K‘[01m[Kclass rotors_control::LQRFeedforwardController[m[K’ defined here
   40 | class [01;36m[KLQRFeedforwardController[m[K {
      |       [01;36m[K^~~~~~~~~~~~~~~~~~~~~~~~[m[K
make[2]: *** [CMakeFiles/lqr_feedforward_controller.dir/build.make:63: CMakeFiles/lqr_feedforward_controller.dir/src/library/lqr_feedforward_controller.cpp.o] Error 1
make[1]: *** [CMakeFiles/Makefile2:1773: CMakeFiles/lqr_feedforward_controller.dir/all] Error 2
make: *** [Makefile:130: all] Error 2
