[01m[K/home/chris/catkin_ws/src/CrazyS/rotors_control/src/nodes/lqr_feedforward_controller_node.cpp:[m[K In constructor ‘[01m[Krotors_control::AttitudeControllerNode::AttitudeControllerNode()[m[K’:
[01m[K/home/chris/catkin_ws/src/CrazyS/rotors_control/src/nodes/lqr_feedforward_controller_node.cpp:35:10:[m[K [01;31m[Kerror: [m[K‘[01m[KVectorXd[m[K’ is not a member of ‘[01m[Kros[m[K’; did you mean ‘[01m[KEigen::VectorXd[m[K’?
   35 |     ros::[01;31m[KVectorXd[m[K current_state;
      |          [01;31m[K^~~~~~~~[m[K
In file included from [01m[K/usr/include/eigen3/Eigen/Core:458[m[K,
                 from [01m[K/usr/include/eigen3/Eigen/Dense:1[m[K,
                 from [01m[K/usr/include/eigen3/Eigen/Eigen:1[m[K,
                 from [01m[K/home/chris/catkin_ws/src/CrazyS/rotors_control/src/nodes/attitude_controller_node.h:7[m[K,
                 from [01m[K/home/chris/catkin_ws/src/CrazyS/rotors_control/src/nodes/lqr_feedforward_controller_node.cpp:2[m[K:
[01m[K/usr/include/eigen3/Eigen/src/Core/Matrix.h:428:34:[m[K [01;36m[Knote: [m[K‘[01m[KEigen::VectorXd[m[K’ declared here
  428 | typedef Matrix<Type, Size, 1>    [01;36m[KVector[m[K##SizeSuffix##TypeSuffix;  \
      |                                  [01;36m[K^~~~~~[m[K
[01m[K/usr/include/eigen3/Eigen/src/Core/Matrix.h:442:1:[m[K [01;36m[Knote: [m[Kin expansion of macro ‘[01m[KEIGEN_MAKE_TYPEDEFS[m[K’
  442 | [01;36m[KEIGEN_MAKE_TYPEDEFS[m[K(Type, TypeSuffix, Dynamic, X) \
      | [01;36m[K^~~~~~~~~~~~~~~~~~~[m[K
[01m[K/usr/include/eigen3/Eigen/src/Core/Matrix.h:449:1:[m[K [01;36m[Knote: [m[Kin expansion of macro ‘[01m[KEIGEN_MAKE_TYPEDEFS_ALL_SIZES[m[K’
  449 | [01;36m[KEIGEN_MAKE_TYPEDEFS_ALL_SIZES[m[K(double,               d)
      | [01;36m[K^~~~~~~~~~~~~~~~~~~~~~~~~~~~~[m[K
[01m[K/home/chris/catkin_ws/src/CrazyS/rotors_control/src/nodes/lqr_feedforward_controller_node.cpp:36:11:[m[K [01;31m[Kerror: [m[K‘[01m[KVectorXd[m[K’ is not a member of ‘[01m[Kros[m[K’; did you mean ‘[01m[KEigen::VectorXd[m[K’?
   36 |     ros:: [01;31m[KVectorXd[m[K desired_state;
      |           [01;31m[K^~~~~~~~[m[K
In file included from [01m[K/usr/include/eigen3/Eigen/Core:458[m[K,
                 from [01m[K/usr/include/eigen3/Eigen/Dense:1[m[K,
                 from [01m[K/usr/include/eigen3/Eigen/Eigen:1[m[K,
                 from [01m[K/home/chris/catkin_ws/src/CrazyS/rotors_control/src/nodes/attitude_controller_node.h:7[m[K,
                 from [01m[K/home/chris/catkin_ws/src/CrazyS/rotors_control/src/nodes/lqr_feedforward_controller_node.cpp:2[m[K:
[01m[K/usr/include/eigen3/Eigen/src/Core/Matrix.h:428:34:[m[K [01;36m[Knote: [m[K‘[01m[KEigen::VectorXd[m[K’ declared here
  428 | typedef Matrix<Type, Size, 1>    [01;36m[KVector[m[K##SizeSuffix##TypeSuffix;  \
      |                                  [01;36m[K^~~~~~[m[K
[01m[K/usr/include/eigen3/Eigen/src/Core/Matrix.h:442:1:[m[K [01;36m[Knote: [m[Kin expansion of macro ‘[01m[KEIGEN_MAKE_TYPEDEFS[m[K’
  442 | [01;36m[KEIGEN_MAKE_TYPEDEFS[m[K(Type, TypeSuffix, Dynamic, X) \
      | [01;36m[K^~~~~~~~~~~~~~~~~~~[m[K
[01m[K/usr/include/eigen3/Eigen/src/Core/Matrix.h:449:1:[m[K [01;36m[Knote: [m[Kin expansion of macro ‘[01m[KEIGEN_MAKE_TYPEDEFS_ALL_SIZES[m[K’
  449 | [01;36m[KEIGEN_MAKE_TYPEDEFS_ALL_SIZES[m[K(double,               d)
      | [01;36m[K^~~~~~~~~~~~~~~~~~~~~~~~~~~~~[m[K
make[2]: *** [CMakeFiles/lqr_feedforward_controller_node.dir/build.make:63: CMakeFiles/lqr_feedforward_controller_node.dir/src/nodes/lqr_feedforward_controller_node.cpp.o] Error 1
make[1]: *** [CMakeFiles/Makefile2:1845: CMakeFiles/lqr_feedforward_controller_node.dir/all] Error 2
make: *** [Makefile:130: all] Error 2
