[  0%] Built target sensor_msgs_generate_messages_nodejs
[  0%] Built target trajectory_msgs_generate_messages_lisp
[  0%] Built target trajectory_msgs_generate_messages_nodejs
[  0%] Built target mav_msgs_generate_messages_py
[  0%] Built target nav_msgs_generate_messages_eus
[  0%] Built target mav_msgs_generate_messages_nodejs
[  0%] Built target roscpp_generate_messages_cpp
[  0%] Built target mav_msgs_generate_messages_lisp
[  0%] Built target std_msgs_generate_messages_cpp
[  0%] Built target nav_msgs_generate_messages_lisp
[  0%] Built target nav_msgs_generate_messages_cpp
[  0%] Built target rosgraph_msgs_generate_messages_eus
[  0%] Built target geometry_msgs_generate_messages_py
[  0%] Built target nav_msgs_generate_messages_py
[  0%] Built target sensor_msgs_generate_messages_py
[  0%] Built target actionlib_msgs_generate_messages_eus
[  0%] Built target rosgraph_msgs_generate_messages_lisp
[  0%] Built target rosgraph_msgs_generate_messages_py
[  0%] Built target std_msgs_generate_messages_nodejs
[  0%] Built target geometry_msgs_generate_messages_eus
[  0%] Built target geometry_msgs_generate_messages_cpp
[  0%] Built target geometry_msgs_generate_messages_lisp
[  0%] Built target trajectory_msgs_generate_messages_cpp
[  0%] Built target actionlib_msgs_generate_messages_lisp
[  0%] Built target actionlib_msgs_generate_messages_nodejs
[  0%] Built target std_msgs_generate_messages_eus
[  0%] Built target std_msgs_generate_messages_py
[  0%] Built target actionlib_msgs_generate_messages_cpp
[  0%] Built target std_msgs_generate_messages_lisp
[  0%] Built target mav_msgs_generate_messages_eus
[  0%] Built target geometry_msgs_generate_messages_nodejs
[  0%] Built target mav_msgs_generate_messages_cpp
[  0%] Built target actionlib_msgs_generate_messages_py
[  0%] Built target rosgraph_msgs_generate_messages_nodejs
[  0%] Built target roscpp_generate_messages_eus
[  0%] Built target roscpp_generate_messages_lisp
[  0%] Built target roscpp_generate_messages_nodejs
[  0%] Built target trajectory_msgs_generate_messages_eus
[  0%] Built target roscpp_generate_messages_py
[  0%] Built target trajectory_msgs_generate_messages_py
[  0%] Built target sensor_msgs_generate_messages_cpp
[  0%] Built target nav_msgs_generate_messages_nodejs
[  0%] Built target rosgraph_msgs_generate_messages_cpp
[  0%] Built target sensor_msgs_generate_messages_eus
[  0%] Built target sensor_msgs_generate_messages_lisp
[  7%] Built target attitude_controller_v2
[ 15%] Built target position_controller_v2
[35m[1mScanning dependencies of target lqr_feedforward_controller[0m
[ 19%] [32mBuilding CXX object CMakeFiles/lqr_feedforward_controller.dir/src/library/lqr_feedforward_controller.cpp.o[0m
[ 26%] Built target position_controller
[ 34%] Built target sensfusion6
[ 42%] Built target crazyflie_onboard_controller
[ 50%] Built target attitude_controller
[ 57%] Built target attitude_controller_node_v2
[ 65%] Built target crazyflie_complementary_filter
[ 73%] Built target attitude_controller_node
[ 80%] Built target position_controller_node
[ 88%] Built target position_controller_node_v2
[ 92%] [32m[1mLinking CXX shared library /home/chris/catkin_ws/devel/.private/rotors_control/lib/liblqr_feedforward_controller.so[0m
[ 92%] Built target lqr_feedforward_controller
[35m[1mScanning dependencies of target lqr_feedforward_controller_node[0m
[ 96%] [32mBuilding CXX object CMakeFiles/lqr_feedforward_controller_node.dir/src/nodes/lqr_feedforward_controller_node.cpp.o[0m
[100%] [32m[1mLinking CXX executable /home/chris/catkin_ws/devel/.private/rotors_control/lib/rotors_control/lqr_feedforward_controller_node[0m
[100%] Built target lqr_feedforward_controller_node
